\BOOKMARK [0][-]{chapter.1}{Descrizione Progetto}{}% 1
\BOOKMARK [1][-]{section.1.1}{Organigramma Aziendale}{chapter.1}% 2
\BOOKMARK [1][-]{section.1.2}{Sistema Fiscale}{chapter.1}% 3
\BOOKMARK [2][-]{subsection.1.2.1}{Persone Giuridiche}{section.1.2}% 4
\BOOKMARK [2][-]{subsection.1.2.2}{Persone Fisiche}{section.1.2}% 5
\BOOKMARK [2][-]{subsection.1.2.3}{Apertura Societ\340 a responsabilit\340 limitata}{section.1.2}% 6
\BOOKMARK [1][-]{section.1.3}{Gruppo Sistelia}{chapter.1}% 7
\BOOKMARK [2][-]{subsection.1.3.1}{ReteTurismo}{section.1.3}% 8
\BOOKMARK [0][-]{chapter.2}{Elenco Costi CAPEX-OPEX}{}% 9
\BOOKMARK [1][-]{section.2.1}{CAPEX}{chapter.2}% 10
\BOOKMARK [1][-]{section.2.2}{OPEX}{chapter.2}% 11
\BOOKMARK [2][-]{subsection.2.2.1}{Acqua}{section.2.2}% 12
\BOOKMARK [2][-]{subsection.2.2.2}{Luce}{section.2.2}% 13
\BOOKMARK [2][-]{subsection.2.2.3}{Gas}{section.2.2}% 14
\BOOKMARK [0][-]{chapter.3}{Analisi VAN-WACC}{}% 15
\BOOKMARK [0][-]{chapter.4}{Analisi Rischi}{}% 16
\BOOKMARK [1][-]{section.4.1}{Variazione Tasso Cambio}{chapter.4}% 17
\BOOKMARK [1][-]{section.4.2}{Malattia Dipendenti}{chapter.4}% 18
\BOOKMARK [0][-]{chapter.5}{Conclusioni e Sviluppi Futuri}{}% 19
\BOOKMARK [0][-]{chapter.5}{Elenco Acronimi}{}% 20
\BOOKMARK [0][-]{section*.8}{Bibliografia}{}% 21
